Determining if the pthread_create exist failed with the following output:
Change Dir: /home/nazar/torch_scala/src/main/resources/torch_lib/CMakeFiles/CMakeTmp

Run Build Command:"/usr/bin/make" "cmTC_cf47d/fast"
/usr/bin/make -f CMakeFiles/cmTC_cf47d.dir/build.make CMakeFiles/cmTC_cf47d.dir/build
make[1]: Entering directory '/home/nazar/torch_scala/src/main/resources/torch_lib/CMakeFiles/CMakeTmp'
Building C object CMakeFiles/cmTC_cf47d.dir/CheckSymbolExists.c.o
/usr/bin/cc    -o CMakeFiles/cmTC_cf47d.dir/CheckSymbolExists.c.o   -c /home/nazar/torch_scala/src/main/resources/torch_lib/CMakeFiles/CMakeTmp/CheckSymbolExists.c
Linking C executable cmTC_cf47d
/usr/bin/cmake -E cmake_link_script CMakeFiles/cmTC_cf47d.dir/link.txt --verbose=1
/usr/bin/cc      CMakeFiles/cmTC_cf47d.dir/CheckSymbolExists.c.o  -o cmTC_cf47d 
CMakeFiles/cmTC_cf47d.dir/CheckSymbolExists.c.o: In function `main':
CheckSymbolExists.c:(.text+0x1b): undefined reference to `pthread_create'
collect2: error: ld returned 1 exit status
CMakeFiles/cmTC_cf47d.dir/build.make:97: recipe for target 'cmTC_cf47d' failed
make[1]: *** [cmTC_cf47d] Error 1
make[1]: Leaving directory '/home/nazar/torch_scala/src/main/resources/torch_lib/CMakeFiles/CMakeTmp'
Makefile:126: recipe for target 'cmTC_cf47d/fast' failed
make: *** [cmTC_cf47d/fast] Error 2

File /home/nazar/torch_scala/src/main/resources/torch_lib/CMakeFiles/CMakeTmp/CheckSymbolExists.c:
/* */
#include <pthread.h>

int main(int argc, char** argv)
{
  (void)argv;
#ifndef pthread_create
  return ((int*)(&pthread_create))[argc];
#else
  (void)argc;
  return 0;
#endif
}

Determining if the function pthread_create exists in the pthreads failed with the following output:
Change Dir: /home/nazar/torch_scala/src/main/resources/torch_lib/CMakeFiles/CMakeTmp

Run Build Command:"/usr/bin/make" "cmTC_164f8/fast"
/usr/bin/make -f CMakeFiles/cmTC_164f8.dir/build.make CMakeFiles/cmTC_164f8.dir/build
make[1]: Entering directory '/home/nazar/torch_scala/src/main/resources/torch_lib/CMakeFiles/CMakeTmp'
Building C object CMakeFiles/cmTC_164f8.dir/CheckFunctionExists.c.o
/usr/bin/cc   -DCHECK_FUNCTION_EXISTS=pthread_create   -o CMakeFiles/cmTC_164f8.dir/CheckFunctionExists.c.o   -c /usr/share/cmake-3.10/Modules/CheckFunctionExists.c
Linking C executable cmTC_164f8
/usr/bin/cmake -E cmake_link_script CMakeFiles/cmTC_164f8.dir/link.txt --verbose=1
/usr/bin/cc  -DCHECK_FUNCTION_EXISTS=pthread_create    CMakeFiles/cmTC_164f8.dir/CheckFunctionExists.c.o  -o cmTC_164f8 -lpthreads 
/usr/bin/ld: cannot find -lpthreads
collect2: error: ld returned 1 exit status
CMakeFiles/cmTC_164f8.dir/build.make:97: recipe for target 'cmTC_164f8' failed
make[1]: *** [cmTC_164f8] Error 1
make[1]: Leaving directory '/home/nazar/torch_scala/src/main/resources/torch_lib/CMakeFiles/CMakeTmp'
Makefile:126: recipe for target 'cmTC_164f8/fast' failed
make: *** [cmTC_164f8/fast] Error 2


